<?xml version="1.0" encoding="utf-8"?><testsuites><testsuite name="pytest" errors="0" failures="3" skipped="0" tests="9" time="11.600" timestamp="2025-08-05T14:56:22.918221" hostname="rmc-Legion-Pro-7-16IRX9H"><testcase classname="ros2doctor.ros2doctor.test.test_api" name="test_api" time="4.315" /><testcase classname="ros2doctor.ros2doctor.test.test_cli" name="test_cli" time="0.869" /><testcase classname="ros2doctor.ros2doctor.test.test_copyright" name="test_copyright" time="0.037" /><testcase classname="ros2doctor.ros2doctor.test.test_flake8" name="test_flake8" time="0.129" /><testcase classname="ros2doctor.ros2doctor.test.test_pep257" name="test_pep257" time="0.047" /><testcase classname="ros2doctor.ros2doctor.test.test_qos_compatibility" name="test_qos_compatibility" time="5.209"><failure message="test_qos_compatibility.TestROS2DoctorQoSCompatibility.test_check[rmw_fastrtps_cpp] failed&#10;test_qos_compatibility.TestROS2DoctorQoSCompatibility.test_report[rmw_fastrtps_cpp] failed">
===========================================================
FAIL: test_qos_compatibility.TestROS2DoctorQoSCompatibility.test_check[rmw_fastrtps_cpp]
-----------------------------------------------------------
Exception: Launch stopped before the active tests finished.


===========================================================
FAIL: test_qos_compatibility.TestROS2DoctorQoSCompatibility.test_report[rmw_fastrtps_cpp]
-----------------------------------------------------------
Exception: Launch stopped before the active tests finished.
</failure></testcase><testcase classname="ros2doctor.ros2doctor.test.test_report" name="test_report" time="0.018"><failure message="test_report.TestROS2DoctorReport.test_check[rmw_fastrtps_cpp] failed&#10;test_report.TestROS2DoctorReport.test_report[rmw_fastrtps_cpp] failed">
===========================================================
FAIL: test_report.TestROS2DoctorReport.test_check[rmw_fastrtps_cpp]
-----------------------------------------------------------
Exception: Launch stopped before the active tests finished.


===========================================================
FAIL: test_report.TestROS2DoctorReport.test_report[rmw_fastrtps_cpp]
-----------------------------------------------------------
Exception: Launch stopped before the active tests finished.
</failure></testcase><testcase classname="ros2doctor.ros2doctor.test.test_report_environment" name="test_report_environment" time="0.576"><failure message="test_report_environment.TestROS2Environment.test_environment_check[rmw_fastrtps_cpp] failed">
===========================================================
FAIL: test_report_environment.TestROS2Environment.test_environment_check[rmw_fastrtps_cpp]
-----------------------------------------------------------
Exception: Launch stopped before the active tests finished.
</failure></testcase><testcase classname="ros2doctor.ros2doctor.test.test_xmllint" name="test_xmllint" time="0.157" /></testsuite></testsuites>