<?xml version="1.0" encoding="utf-8"?><testsuites><testsuite name="pytest" errors="0" failures="3" skipped="0" tests="10" time="16.875" timestamp="2025-06-16T10:34:30.429236" hostname="rmc-Legion-Pro-7-16IRX9H"><testcase classname="ros2doctor.ros2doctor.test.test_api" name="test_api" time="3.194"><failure message="test_api.TestROS2DoctorAPINegativeTest.test_no_service_report failed">
========================================================================================================================================================
FAIL: test_api.TestROS2DoctorAPINegativeTest.test_no_service_report
--------------------------------------------------------------------------------------------------------------------------------------------------------
Traceback (most recent call last):
  File "/home/rmc/ros2cli/ros2doctor/test/test_api.py", line 75, in test_no_service_report
    self.assertEqual(report.items, expected_report.items)
AssertionError: Lists differ: [('topic', '/parameter_events'), ('service c[91 chars], 0)] != [('service', 'none'), ('service count', 0), [15 chars], 0)]

First differing element 0:
('topic', '/parameter_events')
('service', 'none')

First list contains 3 additional elements.
First extra element 3:
('topic', '/rosout')

+ [('service', 'none'), ('service count', 0), ('client count', 0)]
- [('topic', '/parameter_events'),
-  ('service count', 0),
-  ('client count', 0),
-  ('topic', '/rosout'),
-  ('service count', 0),
-  ('client count', 0)]
</failure></testcase><testcase classname="ros2doctor.ros2doctor.test.test_api_postive.TestROS2DoctorAPIPositiveTest" name="test_service_report" time="0.510"><failure message="AssertionError: Lists differ: [('topic', '/parameter_events'), ('service c[91 chars], 0)] != [('service', 'baz'), ('service count', 0), ([77 chars], 0)]&#10;&#10;First differing element 0:&#10;('topic', '/parameter_events')&#10;('service', 'baz')&#10;&#10;- [('topic', '/parameter_events'),&#10;+ [('service', 'baz'),&#10;   ('service count', 0),&#10;-  ('client count', 0),&#10;?                   ^&#10;&#10;+  ('client count', 1),&#10;?                   ^&#10;&#10;-  ('topic', '/rosout'),&#10;+  ('service', 'bar'),&#10;-  ('service count', 0),&#10;?                    ^&#10;&#10;+  ('service count', 1),&#10;?                    ^&#10;&#10;   ('client count', 0)]">test/test_api_postive.py:91: in test_service_report
    self.assertEqual(report.items, expected_report.items)
E   AssertionError: Lists differ: [('topic', '/parameter_events'), ('service c[91 chars], 0)] != [('service', 'baz'), ('service count', 0), ([77 chars], 0)]
E   
E   First differing element 0:
E   ('topic', '/parameter_events')
E   ('service', 'baz')
E   
E   - [('topic', '/parameter_events'),
E   + [('service', 'baz'),
E      ('service count', 0),
E   -  ('client count', 0),
E   ?                   ^
E   
E   +  ('client count', 1),
E   ?                   ^
E   
E   -  ('topic', '/rosout'),
E   +  ('service', 'bar'),
E   -  ('service count', 0),
E   ?                    ^
E   
E   +  ('service count', 1),
E   ?                    ^
E   
E      ('client count', 0)]</failure></testcase><testcase classname="ros2doctor.ros2doctor.test.test_api_postive.TestROS2DoctorAPIPositiveTest" name="test_topic_check" time="0.510" /><testcase classname="ros2doctor.ros2doctor.test.test_api_postive.TestROS2DoctorAPIPositiveTest" name="test_topic_report" time="0.509"><failure message="AssertionError: Lists differ: [('topic', 'none'), ('publisher count', 0), ('subscriber count', 0)] != [('topic', 'msg'), ('publisher count', 1), ('subscriber count', 1)]&#10;&#10;First differing element 0:&#10;('topic', 'none')&#10;('topic', 'msg')&#10;&#10;- [('topic', 'none'), ('publisher count', 0), ('subscriber count', 0)]&#10;?             ^^^^                        ^                        ^&#10;&#10;+ [('topic', 'msg'), ('publisher count', 1), ('subscriber count', 1)]&#10;?             ^^^                        ^                        ^">test/test_api_postive.py:82: in test_topic_report
    self.assertEqual(report.items, expected_report.items)
E   AssertionError: Lists differ: [('topic', 'none'), ('publisher count', 0), ('subscriber count', 0)] != [('topic', 'msg'), ('publisher count', 1), ('subscriber count', 1)]
E   
E   First differing element 0:
E   ('topic', 'none')
E   ('topic', 'msg')
E   
E   - [('topic', 'none'), ('publisher count', 0), ('subscriber count', 0)]
E   ?             ^^^^                        ^                        ^
E   
E   + [('topic', 'msg'), ('publisher count', 1), ('subscriber count', 1)]
E   ?             ^^^                        ^                        ^</failure></testcase><testcase classname="ros2doctor.ros2doctor.test.test_cli" name="test_cli" time="0.904" /><testcase classname="ros2doctor.ros2doctor.test.test_copyright" name="test_copyright" time="0.030" /><testcase classname="ros2doctor.ros2doctor.test.test_flake8" name="test_flake8" time="0.168" /><testcase classname="ros2doctor.ros2doctor.test.test_pep257" name="test_pep257" time="0.057" /><testcase classname="ros2doctor.ros2doctor.test.test_qos_compatibility" name="test_qos_compatibility" time="10.564" /><testcase classname="ros2doctor.ros2doctor.test.test_xmllint" name="test_xmllint" time="0.127" /></testsuite></testsuites>